<?xml version="1.0" encoding="UTF-8"?>
<testsuites>
  <testsuite id="0" name="D:\ReactProjects\ReactMatchSchedule\ReactJS\src\tests\Form.test.js" errors="0" package="D:\ReactProjects\ReactMatchSchedule\ReactJS\src\tests\Form.test.js" hostname="localhost" tests="1" failures="0" time="3.33" timestamp="2022-07-04T19:10:56">
    <properties>
    </properties>
    <testcase classname="Form" name="Form renders with all required input elements" time="0">
    </testcase>
    <system-out/>
    <system-err/>
  </testsuite>
  <testsuite id="1" name="D:\ReactProjects\ReactMatchSchedule\ReactJS\src\tests\List.test.js" errors="0" package="D:\ReactProjects\ReactMatchSchedule\ReactJS\src\tests\List.test.js" hostname="localhost" tests="2" failures="0" time="3.808" timestamp="2022-07-04T19:10:56">
    <properties>
    </properties>
    <testcase classname="List" name="renders List component" time="0">
    </testcase>
    <testcase classname="List" name="renders List with data" time="0">
    </testcase>
    <system-out/>
    <system-err/>
  </testsuite>
  <testsuite id="2" name="D:\ReactProjects\ReactMatchSchedule\ReactJS\src\tests\App.test.js" errors="0" package="D:\ReactProjects\ReactMatchSchedule\ReactJS\src\tests\App.test.js" hostname="localhost" tests="10" failures="2" time="4.243" timestamp="2022-07-04T19:10:56">
    <properties>
    </properties>
    <testcase classname="App" name="renders app component" time="0">
      <failure message="Error: [2mexpect([22m[38;2;0;95;95m[48;2;215;255;255mreceived[49m[39m[2m).[22mtoMatchSnapshot[2m()[22m

Snapshot name: `App renders app component 1`

[38;2;128;0;128m[48;2;255;215;255m- Snapshot  - 3[49m[39m
[38;2;0;95;95m[48;2;215;255;255m+ Received  + 0[49m[39m

[33m@@ -8,13 +8,10 @@[39m
[2m        className=&quot;app-title&quot;[22m
[2m      &gt;[22m
[2m        match schedule[22m
[2m      &lt;/h2&gt;[22m
[2m      &lt;div[22m
[38;2;128;0;128m[48;2;255;215;255m-       className=&quot;list&quot;[49m[39m
[38;2;128;0;128m[48;2;255;215;255m-     /&gt;[49m[39m
[38;2;128;0;128m[48;2;255;215;255m-     &lt;div[49m[39m
[2m        className=&quot;footer-controls&quot;[22m
[2m      &gt;[22m
[2m        &lt;button[22m
[2m          className=&quot;success&quot;[22m
[2m          onClick={[Function]}[22m
    at Object.&lt;anonymous&gt; (D:\ReactProjects\ReactMatchSchedule\ReactJS\src\tests\App.test.js:23:32)
    at Promise.then.completed (D:\ReactProjects\ReactMatchSchedule\ReactJS\node_modules\jest-circus\build\utils.js:276:28)
    at new Promise (&lt;anonymous&gt;)
    at callAsyncCircusFn (D:\ReactProjects\ReactMatchSchedule\ReactJS\node_modules\jest-circus\build\utils.js:216:10)
    at _callCircusTest (D:\ReactProjects\ReactMatchSchedule\ReactJS\node_modules\jest-circus\build\run.js:212:40)
    at processTicksAndRejections (internal/process/task_queues.js:93:5)
    at _runTest (D:\ReactProjects\ReactMatchSchedule\ReactJS\node_modules\jest-circus\build\run.js:149:3)
    at _runTestsForDescribeBlock (D:\ReactProjects\ReactMatchSchedule\ReactJS\node_modules\jest-circus\build\run.js:63:9)
    at _runTestsForDescribeBlock (D:\ReactProjects\ReactMatchSchedule\ReactJS\node_modules\jest-circus\build\run.js:57:9)
    at run (D:\ReactProjects\ReactMatchSchedule\ReactJS\node_modules\jest-circus\build\run.js:25:3)
    at runAndTransformResultsToJestFormat (D:\ReactProjects\ReactMatchSchedule\ReactJS\node_modules\jest-circus\build\legacy-code-todo-rewrite\jestAdapterInit.js:176:21)
    at jestAdapter (D:\ReactProjects\ReactMatchSchedule\ReactJS\node_modules\jest-circus\build\legacy-code-todo-rewrite\jestAdapter.js:109:19)
    at runTestInternal (D:\ReactProjects\ReactMatchSchedule\ReactJS\node_modules\jest-runner\build\runTest.js:380:16)
    at runTest (D:\ReactProjects\ReactMatchSchedule\ReactJS\node_modules\jest-runner\build\runTest.js:472:34)
    at Object.worker (D:\ReactProjects\ReactMatchSchedule\ReactJS\node_modules\jest-runner\build\testWorker.js:133:12)" type="AssertionError">
      </failure>
    </testcase>
    <testcase classname="App" name="component did mount" time="0">
    </testcase>
    <testcase classname="App" name="renders App correctly" time="0">
      <failure message="Error: No instances found with node type: &quot;List&quot;
    at expectOne (D:\ReactProjects\ReactMatchSchedule\ReactJS\node_modules\react-test-renderer\cjs\react-test-renderer.development.js:17109:9)
    at ReactTestInstance.findByType (D:\ReactProjects\ReactMatchSchedule\ReactJS\node_modules\react-test-renderer\cjs\react-test-renderer.development.js:16999:12)
    at Object.&lt;anonymous&gt; (D:\ReactProjects\ReactMatchSchedule\ReactJS\src\tests\App.test.js:40:22)
    at Promise.then.completed (D:\ReactProjects\ReactMatchSchedule\ReactJS\node_modules\jest-circus\build\utils.js:276:28)
    at new Promise (&lt;anonymous&gt;)
    at callAsyncCircusFn (D:\ReactProjects\ReactMatchSchedule\ReactJS\node_modules\jest-circus\build\utils.js:216:10)
    at _callCircusTest (D:\ReactProjects\ReactMatchSchedule\ReactJS\node_modules\jest-circus\build\run.js:212:40)
    at processTicksAndRejections (internal/process/task_queues.js:93:5)
    at _runTest (D:\ReactProjects\ReactMatchSchedule\ReactJS\node_modules\jest-circus\build\run.js:149:3)
    at _runTestsForDescribeBlock (D:\ReactProjects\ReactMatchSchedule\ReactJS\node_modules\jest-circus\build\run.js:63:9)
    at _runTestsForDescribeBlock (D:\ReactProjects\ReactMatchSchedule\ReactJS\node_modules\jest-circus\build\run.js:57:9)
    at run (D:\ReactProjects\ReactMatchSchedule\ReactJS\node_modules\jest-circus\build\run.js:25:3)
    at runAndTransformResultsToJestFormat (D:\ReactProjects\ReactMatchSchedule\ReactJS\node_modules\jest-circus\build\legacy-code-todo-rewrite\jestAdapterInit.js:176:21)
    at jestAdapter (D:\ReactProjects\ReactMatchSchedule\ReactJS\node_modules\jest-circus\build\legacy-code-todo-rewrite\jestAdapter.js:109:19)
    at runTestInternal (D:\ReactProjects\ReactMatchSchedule\ReactJS\node_modules\jest-runner\build\runTest.js:380:16)
    at runTest (D:\ReactProjects\ReactMatchSchedule\ReactJS\node_modules\jest-runner\build\runTest.js:472:34)
    at Object.worker (D:\ReactProjects\ReactMatchSchedule\ReactJS\node_modules\jest-runner\build\testWorker.js:133:12)" type="AssertionError">
      </failure>
    </testcase>
    <testcase classname="App" name="App Button click opens Modal and renders form" time="0">
    </testcase>
    <testcase classname="App" name="App showModalHandler" time="0">
    </testcase>
    <testcase classname="App" name="App closeModalHandler" time="0">
    </testcase>
    <testcase classname="App" name="App fetchData" time="0">
    </testcase>
    <testcase classname="App" name="App fetchData return error" time="0">
    </testcase>
    <testcase classname="App" name="App submitHandler" time="0">
    </testcase>
    <testcase classname="App" name="App submitHandler returns error" time="0">
    </testcase>
    <system-out/>
    <system-err/>
  </testsuite>
</testsuites>